<?xml version="1.0" encoding="UTF-8"?>
<!-- Generated by org.testng.reporters.JUnitXMLReporter -->
<testsuite ignored="2" hostname="DESKTOP-31MOGNN" failures="0" tests="14" name="Default test" time="181.976" errors="0" timestamp="2023-07-17T10:47:01 ICT">
  <testcase classname="com.test.testAll" name="performLogin" time="3.29"/>
  <testcase classname="com.test.testAll" name="checkLogin" time="0.013"/>
  <testcase classname="com.test.testAll" name="performAddBook" time="27.605"/>
  <testcase classname="com.test.testAll" name="checkAddBook" time="11.279"/>
  <testcase classname="com.test.testAll" name="performUpdateBook" time="16.799"/>
  <testcase classname="com.test.testAll" name="checkUpdateBook" time="14.275"/>
  <testcase classname="com.test.testAll" name="preformDeleteBook" time="19.49"/>
  <testcase classname="com.test.testAll" name="checkDeleteBook" time="3.43"/>
  <testcase classname="com.test.testAll" name="performAddStudent" time="23.296"/>
  <testcase classname="com.test.testAll" name="checkAddStudent" time="4.86"/>
  <testcase classname="com.test.testAll" name="performUpdateStudent" time="15.061"/>
  <testcase classname="com.test.testAll" name="checkUpdateStudent" time="15.26"/>
  <testcase classname="com.test.testAll" name="preformDeleteStudent" time="20.322"/>
  <testcase classname="com.test.testAll" name="checkDeleteStudent" time="3.464"/>
  <testcase classname="com.common.Init" name="@BeforeTest beforeTest" time="0.0">
    <ignored/>
  </testcase> <!-- @BeforeTest beforeTest -->
  <testcase classname="com.common.Init" name="@AfterTest afterTest" time="0.0">
    <ignored/>
  </testcase> <!-- @AfterTest afterTest -->
</testsuite> <!-- Default test -->
