<?xml version="1.0" encoding="UTF-8"?>
<!-- Generated by org.testng.reporters.JUnitXMLReporter -->
<testsuite ignored="0" hostname="DESKTOP-31MOGNN" failures="2" tests="2" name="CRMTest" time="5.286" errors="0" timestamp="2023-07-10T13:56:28 ICT">
  <testcase classname="anhtester.com.testcases.SignInTest" name="signInPage" time="2.217">
    <failure type="java.lang.AssertionError" message="Không phải trang Sign In expected [true] but found [false]">
      <![CDATA[java.lang.AssertionError: Không phải trang Sign In expected [true] but found [false]
at anhtester.com.pages.SignInPage.signIn(SignInPage.java:25)
at anhtester.com.testcases.SignInTest.signInPage(SignInTest.java:33)
at java.base/java.util.ArrayList.forEach(ArrayList.java:1511)
... Removed 28 stack frames]]>
    </failure>
  </testcase> <!-- signInPage -->
  <testcase classname="anhtester.com.testcases.SignInTest" name="signInPageReadExcelDynamic" time="0.332">
    <failure type="java.lang.AssertionError" message="Không phải trang Sign In expected [true] but found [false]">
      <![CDATA[java.lang.AssertionError: Không phải trang Sign In expected [true] but found [false]
at anhtester.com.pages.SignInPage.signIn(SignInPage.java:25)
at anhtester.com.testcases.SignInTest.signInPageReadExcelDynamic(SignInTest.java:53)
at java.base/java.util.ArrayList.forEach(ArrayList.java:1511)
... Removed 28 stack frames]]>
    </failure>
  </testcase> <!-- signInPageReadExcelDynamic -->
</testsuite> <!-- CRMTest -->
